  complex.cpp
C:\Users\opris\OneDrive\Desktop\OOP\Lab5 - complex\complex.cpp(8,1): error C2011: 'complex': 'class' type redefinition
C:\Users\opris\OneDrive\Desktop\OOP\Lab5 - complex\complex.h(8): message : see declaration of 'complex'
C:\Users\opris\OneDrive\Desktop\OOP\Lab5 - complex\complex.cpp(33,1): error C2027: use of undefined type 'complex'
C:\Users\opris\OneDrive\Desktop\OOP\Lab5 - complex\complex.h(8): message : see declaration of 'complex'
C:\Users\opris\OneDrive\Desktop\OOP\Lab5 - complex\complex.cpp(32,9): error C2027: use of undefined type 'complex'
C:\Users\opris\OneDrive\Desktop\OOP\Lab5 - complex\complex.h(8): message : see declaration of 'complex'
C:\Users\opris\OneDrive\Desktop\OOP\Lab5 - complex\complex.cpp(34,10): error C2079: 'c3' uses undefined class 'complex'
C:\Users\opris\OneDrive\Desktop\OOP\Lab5 - complex\complex.cpp(35,14): error C2027: use of undefined type 'complex'
C:\Users\opris\OneDrive\Desktop\OOP\Lab5 - complex\complex.h(8): message : see declaration of 'complex'
C:\Users\opris\OneDrive\Desktop\OOP\Lab5 - complex\complex.cpp(35,24): error C2027: use of undefined type 'complex'
C:\Users\opris\OneDrive\Desktop\OOP\Lab5 - complex\complex.h(8): message : see declaration of 'complex'
C:\Users\opris\OneDrive\Desktop\OOP\Lab5 - complex\complex.cpp(36,14): error C2027: use of undefined type 'complex'
C:\Users\opris\OneDrive\Desktop\OOP\Lab5 - complex\complex.h(8): message : see declaration of 'complex'
C:\Users\opris\OneDrive\Desktop\OOP\Lab5 - complex\complex.cpp(36,24): error C2027: use of undefined type 'complex'
C:\Users\opris\OneDrive\Desktop\OOP\Lab5 - complex\complex.h(8): message : see declaration of 'complex'
C:\Users\opris\OneDrive\Desktop\OOP\Lab5 - complex\complex.cpp(40,10): error C2027: use of undefined type 'complex'
C:\Users\opris\OneDrive\Desktop\OOP\Lab5 - complex\complex.h(8): message : see declaration of 'complex'
C:\Users\opris\OneDrive\Desktop\OOP\Lab5 - complex\complex.cpp(41,1): error C4430: missing type specifier - int assumed. Note: C++ does not support default-int
C:\Users\opris\OneDrive\Desktop\OOP\Lab5 - complex\complex.cpp(42,2): error C2065: 'real': undeclared identifier
C:\Users\opris\OneDrive\Desktop\OOP\Lab5 - complex\complex.cpp(43,2): error C2065: 'imag': undeclared identifier
C:\Users\opris\OneDrive\Desktop\OOP\Lab5 - complex\complex.cpp(45,1): warning C4508: '{ctor}': function should return a value; 'void' return type assumed
C:\Users\opris\OneDrive\Desktop\OOP\Lab5 - complex\complex.cpp(47,10): error C2027: use of undefined type 'complex'
C:\Users\opris\OneDrive\Desktop\OOP\Lab5 - complex\complex.h(8): message : see declaration of 'complex'
C:\Users\opris\OneDrive\Desktop\OOP\Lab5 - complex\complex.cpp(48,1): error C4430: missing type specifier - int assumed. Note: C++ does not support default-int
C:\Users\opris\OneDrive\Desktop\OOP\Lab5 - complex\complex.cpp(49,2): error C2065: 'real': undeclared identifier
C:\Users\opris\OneDrive\Desktop\OOP\Lab5 - complex\complex.cpp(50,2): error C2065: 'imag': undeclared identifier
C:\Users\opris\OneDrive\Desktop\OOP\Lab5 - complex\complex.cpp(52,1): warning C4508: '{ctor}': function should return a value; 'void' return type assumed
C:\Users\opris\OneDrive\Desktop\OOP\Lab5 - complex\complex.cpp(54,11): error C2027: use of undefined type 'complex'
C:\Users\opris\OneDrive\Desktop\OOP\Lab5 - complex\complex.h(8): message : see declaration of 'complex'
C:\Users\opris\OneDrive\Desktop\OOP\Lab5 - complex\complex.cpp(55,1): error C4430: missing type specifier - int assumed. Note: C++ does not support default-int
C:\Users\opris\OneDrive\Desktop\OOP\Lab5 - complex\complex.cpp(57,1): warning C4508: '{dtor}': function should return a value; 'void' return type assumed
C:\Users\opris\OneDrive\Desktop\OOP\Lab5 - complex\complex.cpp(59,16): error C2027: use of undefined type 'complex'
C:\Users\opris\OneDrive\Desktop\OOP\Lab5 - complex\complex.h(8): message : see declaration of 'complex'
C:\Users\opris\OneDrive\Desktop\OOP\Lab5 - complex\complex.cpp(61,9): error C2065: 'real': undeclared identifier
C:\Users\opris\OneDrive\Desktop\OOP\Lab5 - complex\complex.cpp(64,16): error C2027: use of undefined type 'complex'
C:\Users\opris\OneDrive\Desktop\OOP\Lab5 - complex\complex.h(8): message : see declaration of 'complex'
C:\Users\opris\OneDrive\Desktop\OOP\Lab5 - complex\complex.cpp(66,9): error C2065: 'imag': undeclared identifier
C:\Users\opris\OneDrive\Desktop\OOP\Lab5 - complex\complex.cpp(69,16): error C2027: use of undefined type 'complex'
C:\Users\opris\OneDrive\Desktop\OOP\Lab5 - complex\complex.h(8): message : see declaration of 'complex'
C:\Users\opris\OneDrive\Desktop\OOP\Lab5 - complex\complex.cpp(71,2): error C2065: 'real': undeclared identifier
C:\Users\opris\OneDrive\Desktop\OOP\Lab5 - complex\complex.cpp(74,16): error C2027: use of undefined type 'complex'
C:\Users\opris\OneDrive\Desktop\OOP\Lab5 - complex\complex.h(8): message : see declaration of 'complex'
C:\Users\opris\OneDrive\Desktop\OOP\Lab5 - complex\complex.cpp(76,2): error C2065: 'imag': undeclared identifier
C:\Users\opris\OneDrive\Desktop\OOP\Lab5 - complex\complex.cpp(82,29): error C2027: use of undefined type 'complex'
C:\Users\opris\OneDrive\Desktop\OOP\Lab5 - complex\complex.h(8): message : see declaration of 'complex'
C:\Users\opris\OneDrive\Desktop\OOP\Lab5 - complex\complex.cpp(82,72): error C2027: use of undefined type 'complex'
C:\Users\opris\OneDrive\Desktop\OOP\Lab5 - complex\complex.h(8): message : see declaration of 'complex'
C:\Users\opris\OneDrive\Desktop\OOP\Lab5 - complex\complex.cpp(89,9): error C2027: use of undefined type 'complex'
C:\Users\opris\OneDrive\Desktop\OOP\Lab5 - complex\complex.h(8): message : see declaration of 'complex'
C:\Users\opris\OneDrive\Desktop\OOP\Lab5 - complex\complex.cpp(89,19): error C2027: use of undefined type 'complex'
C:\Users\opris\OneDrive\Desktop\OOP\Lab5 - complex\complex.h(8): message : see declaration of 'complex'
  Lab5 - complex.cpp
C:\Users\opris\OneDrive\Desktop\OOP\Lab5 - complex\Lab5 - complex.cpp(11,13): error C2374: 'c1': redefinition; multiple initialization
C:\Users\opris\OneDrive\Desktop\OOP\Lab5 - complex\Lab5 - complex.cpp(9): message : see declaration of 'c1'
  Generating Code...
